<?xml version="1.0" encoding="UTF-8"?>
<!-- Generated by org.testng.reporters.JUnitReportReporter -->
<testsuite hostname="Sasi" failures="0" tests="1" name="com.methods.java.DemoErrorValidationMessages" time="0.001" errors="0" timestamp="2023-03-19T10:47:49 IST" skipped="0">
  <testcase classname="com.methods.java.DemoErrorValidationMessages" name="ValidateError_InvalidUserName" time="0.001"/>
  <system-out/>
</testsuite> <!-- com.methods.java.DemoErrorValidationMessages -->
