<?xml version="1.0" encoding="UTF-8"?>
<!-- Generated by org.testng.reporters.JUnitReportReporter -->
<testsuite hostname="Sasi" failures="0" tests="1" name="com.java.controlstatemetns.DemoEven" time="0.009" errors="0" timestamp="2023-03-19T09:47:06 IST" skipped="0">
  <testcase classname="com.java.controlstatemetns.DemoEven" name="printEven" time="0.009"/>
  <system-out/>
</testsuite> <!-- com.java.controlstatemetns.DemoEven -->
