<?xml version="1.0" encoding="UTF-8"?>
<!-- Generated by org.testng.reporters.JUnitReportReporter -->
<testsuite hostname="sasidhars-MacBook-Air.local" failures="0" tests="4" name="com.selenium.testng.DemoParameterization" time="0.035" errors="0" timestamp="13 May 2023 04:24:22 GMT">
  <testcase classname="com.selenium.testng.DemoParameterization" name="setUp" time="0.029"/>
  <testcase classname="com.selenium.testng.DemoParameterization" name="testLogin2" time="0.001"/>
  <testcase classname="com.selenium.testng.DemoParameterization" name="testLogin" time="0.002"/>
  <testcase classname="com.selenium.testng.DemoParameterization" name="testLogin" time="0.003"/>
</testsuite> <!-- com.selenium.testng.DemoParameterization -->
