<?xml version="1.0" encoding="UTF-8"?>
<!-- Generated by org.testng.reporters.JUnitReportReporter -->
<testsuite hostname="Sasi" failures="0" tests="3" name="com.selenium.testng.DemoGroups" time="0.010" errors="0" timestamp="2023-04-10T07:55:12 IST" skipped="0">
  <testcase classname="com.selenium.testng.DemoGroups" name="applyLeave" time="0.008"/>
  <system-out/>
  <testcase classname="com.selenium.testng.DemoGroups" name="approveLeave" time="0.001"/>
  <system-out/>
  <testcase classname="com.selenium.testng.DemoGroups" name="verifyLeaveHistory" time="0.001"/>
  <system-out/>
</testsuite> <!-- com.selenium.testng.DemoGroups -->
