<?xml version="1.0" encoding="UTF-8"?>
<!-- Generated by org.testng.reporters.JUnitReportReporter -->
<testsuite hostname="Sasi" failures="0" tests="1" name="com.java.controlstatemetns.DemoContinueBreak" time="0.009" errors="0" timestamp="2023-03-19T09:37:53 IST" skipped="0">
  <testcase classname="com.java.controlstatemetns.DemoContinueBreak" name="continueDemo" time="0.009"/>
  <system-out/>
</testsuite> <!-- com.java.controlstatemetns.DemoContinueBreak -->
