<?xml version="1.0" encoding="UTF-8"?>
<!-- Generated by org.testng.reporters.JUnitReportReporter -->
<testsuite hostname="sasidhars-MacBook-Air.local" failures="0" tests="1" name="com.selenium.testng.cookies.DemoAddCookies" time="10.366" errors="0" timestamp="10 May 2023 02:23:53 GMT">
  <testcase classname="com.selenium.testng.cookies.DemoAddCookies" name="testDemoCookies" time="10.366"/>
</testsuite> <!-- com.selenium.testng.cookies.DemoAddCookies -->
