<?xml version="1.0" encoding="UTF-8"?>
<!-- Generated by org.testng.reporters.JUnitReportReporter -->
<testsuite hostname="Sasi" failures="0" tests="2" name="com.selenium.ClickImage.DemoAlerts1" time="20.019" errors="0" timestamp="2023-03-28T08:14:04 IST" skipped="1">
  <testcase classname="com.selenium.ClickImage.DemoAlerts1" name="testPromptAlert" time="20.019"/>
  <system-out/>
  <testcase classname="com.selenium.ClickImage.DemoAlerts1" name="testSimpleAlert">
    <skipped/>
  </testcase> <!-- testSimpleAlert -->
  <system-out/>
</testsuite> <!-- com.selenium.ClickImage.DemoAlerts1 -->
