<?xml version="1.0" encoding="UTF-8"?>
<!-- Generated by org.testng.reporters.JUnitReportReporter -->
<testsuite hostname="Sasi" failures="0" tests="5" name="com.selenium.testng.DemoParallelExecution1" time="135.066" errors="0" timestamp="2023-04-12T07:33:29 IST" skipped="0">
  <testcase classname="com.selenium.testng.DemoParallelExecution1" name="testbrowser2" time="29.913"/>
  <system-out/>
  <testcase classname="com.selenium.testng.DemoParallelExecution1" name="testbrowser1" time="16.393"/>
  <system-out/>
  <testcase classname="com.selenium.testng.DemoParallelExecution1" name="testbrowser4" time="29.696"/>
  <system-out/>
  <testcase classname="com.selenium.testng.DemoParallelExecution1" name="testbrowser5" time="27.772"/>
  <system-out/>
  <testcase classname="com.selenium.testng.DemoParallelExecution1" name="testbrowser3" time="31.292"/>
  <system-out/>
</testsuite> <!-- com.selenium.testng.DemoParallelExecution1 -->
