<?xml version="1.0" encoding="UTF-8"?>
<!-- Generated by org.testng.reporters.JUnitReportReporter -->
<testsuite hostname="Sasi" failures="0" tests="1" name="com.java.oops.poly.DemoOverloading" time="0.011" errors="0" timestamp="2023-03-21T07:48:50 IST" skipped="0">
  <testcase classname="com.java.oops.poly.DemoOverloading" name="testSum" time="0.011"/>
  <system-out/>
</testsuite> <!-- com.java.oops.poly.DemoOverloading -->
