<?xml version="1.0" encoding="UTF-8"?>
<!-- Generated by org.testng.reporters.JUnitReportReporter -->
<testsuite hostname="Sasi" failures="0" tests="1" name="com.selenium.screenshot.DemoPageScreenshot" time="12.726" errors="0" timestamp="2023-03-29T07:53:44 IST" skipped="0">
  <testcase classname="com.selenium.screenshot.DemoPageScreenshot" name="test" time="12.726"/>
  <system-out/>
</testsuite> <!-- com.selenium.screenshot.DemoPageScreenshot -->
