<?xml version="1.0" encoding="UTF-8"?>
<!-- Generated by org.testng.reporters.JUnitReportReporter -->
<testsuite hostname="Sasi" failures="0" tests="1" name="demoCss.DemoCssSelectorLogin" time="14.807" errors="0" timestamp="2023-04-09T14:52:32 IST" skipped="0">
  <testcase classname="demoCss.DemoCssSelectorLogin" name="testRelativeLocator1" time="14.807"/>
  <system-out/>
</testsuite> <!-- demoCss.DemoCssSelectorLogin -->
