<?xml version="1.0" encoding="UTF-8"?>
<!-- Generated by org.testng.reporters.JUnitReportReporter -->
<testsuite hostname="Sasi" failures="0" tests="1" name="com.selenium.forloop.demo.DemoRadioButton" time="30.399" errors="0" timestamp="2023-03-26T07:46:06 IST" skipped="0">
  <testcase classname="com.selenium.forloop.demo.DemoRadioButton" name="test" time="30.399"/>
  <system-out/>
</testsuite> <!-- com.selenium.forloop.demo.DemoRadioButton -->
