<?xml version="1.0" encoding="UTF-8"?>
<!-- Generated by org.testng.reporters.JUnitReportReporter -->
<testsuite hostname="Sasi" failures="0" tests="1" name="com.selenium.screenshot.DemoGoogleScreenshot" time="3.418" errors="0" timestamp="2023-03-29T08:05:33 IST" skipped="0">
  <testcase classname="com.selenium.screenshot.DemoGoogleScreenshot" name="testScreenshots" time="3.418"/>
  <system-out/>
</testsuite> <!-- com.selenium.screenshot.DemoGoogleScreenshot -->
