<?xml version="1.0" encoding="UTF-8"?>
<!-- Generated by org.testng.reporters.JUnitReportReporter -->
<testsuite hostname="Sasi" failures="0" tests="1" name="com.java.oops.inheritance.DemoChild" time="0.018" errors="0" timestamp="2023-03-21T07:22:04 IST" skipped="0">
  <testcase classname="com.java.oops.inheritance.DemoChild" name="test1" time="0.018"/>
  <system-out/>
</testsuite> <!-- com.java.oops.inheritance.DemoChild -->
