<?xml version="1.0" encoding="UTF-8"?>
<!-- Generated by org.testng.reporters.JUnitReportReporter -->
<testsuite hostname="Sasi" failures="0" tests="2" name="com.selenium.selectCheckBox.DemoClickImage" time="10.500" errors="0" timestamp="2023-03-27T07:51:45 IST" skipped="1">
  <testcase classname="com.selenium.selectCheckBox.DemoClickImage" name="clickImage2" time="10.500"/>
  <system-out/>
  <testcase classname="com.selenium.selectCheckBox.DemoClickImage" name="clickImage">
    <skipped/>
  </testcase> <!-- clickImage -->
  <system-out/>
</testsuite> <!-- com.selenium.selectCheckBox.DemoClickImage -->
