<?xml version="1.0" encoding="UTF-8"?>
<!-- Generated by org.testng.reporters.JUnitReportReporter -->
<testsuite hostname="Sasi" failures="0" tests="1" name="com.java.controlstatemetns.DemoWhile" time="0.015" errors="0" timestamp="2023-03-19T09:30:59 IST" skipped="0">
  <testcase classname="com.java.controlstatemetns.DemoWhile" name="testWhileLoop" time="0.015"/>
  <system-out/>
</testsuite> <!-- com.java.controlstatemetns.DemoWhile -->
