<?xml version="1.0" encoding="UTF-8"?>
<!-- Generated by org.testng.reporters.JUnitReportReporter -->
<testsuite hostname="Sasi" failures="0" tests="1" name="com.selenium.noSendKeys.DemoNoSendKeys" time="7.145" errors="0" timestamp="27 Apr 2023 02:22:49 GMT">
  <testcase classname="com.selenium.noSendKeys.DemoNoSendKeys" name="test" time="7.145"/>
</testsuite> <!-- com.selenium.noSendKeys.DemoNoSendKeys -->
