<?xml version="1.0" encoding="UTF-8"?>
<!-- Generated by org.testng.reporters.JUnitReportReporter -->
<testsuite hostname="Sasi" failures="0" tests="1" name="com.tests.LoginTest" time="28.168" errors="0" timestamp="2 May 2023 02:23:45 GMT">
  <testcase classname="com.tests.LoginTest" name="testLoginLogoutFlow" time="28.168"/>
</testsuite> <!-- com.tests.LoginTest -->
