<?xml version="1.0" encoding="UTF-8"?>
<!-- Generated by org.testng.reporters.JUnitReportReporter -->
<testsuite hostname="Sasi" failures="0" tests="1" name="com.test.relativelocators.DemoLocator1" time="8.926" errors="0" timestamp="2023-04-05T22:56:13 IST" skipped="0">
  <testcase classname="com.test.relativelocators.DemoLocator1" name="testRelativeLocator1" time="8.926"/>
  <system-out/>
</testsuite> <!-- com.test.relativelocators.DemoLocator1 -->
