<?xml version="1.0" encoding="UTF-8"?>
<!-- Generated by org.testng.reporters.JUnitReportReporter -->
<testsuite hostname="Sasi" failures="0" tests="2" name="com.selenium.example.DemoFBMethods" time="0.006" errors="0" timestamp="2023-03-19T10:47:49 IST" skipped="0">
  <testcase classname="com.selenium.example.DemoFBMethods" name="testcase1" time="0.003"/>
  <system-out/>
  <testcase classname="com.selenium.example.DemoFBMethods" name="testcase2" time="0.003"/>
  <system-out/>
</testsuite> <!-- com.selenium.example.DemoFBMethods -->
