<?xml version="1.0" encoding="UTF-8"?>
<!-- Generated by org.testng.reporters.JUnitReportReporter -->
<testsuite hostname="Sasi" failures="0" tests="5" name="com.selenium.testng.DemoParallelExecution2" time="88.208" errors="0" timestamp="2023-04-12T07:33:29 IST" skipped="0">
  <testcase classname="com.selenium.testng.DemoParallelExecution2" name="testbrowser2" time="11.115"/>
  <system-out/>
  <testcase classname="com.selenium.testng.DemoParallelExecution2" name="testbrowser1" time="11.077"/>
  <system-out/>
  <testcase classname="com.selenium.testng.DemoParallelExecution2" name="testbrowser5" time="25.862"/>
  <system-out/>
  <testcase classname="com.selenium.testng.DemoParallelExecution2" name="testbrowser3" time="13.154"/>
  <system-out/>
  <testcase classname="com.selenium.testng.DemoParallelExecution2" name="testbrowser4" time="27.000"/>
  <system-out/>
</testsuite> <!-- com.selenium.testng.DemoParallelExecution2 -->
