<?xml version="1.0" encoding="UTF-8"?>
<!-- Generated by org.testng.reporters.JUnitReportReporter -->
<testsuite hostname="Sasi" failures="0" tests="1" name="com.selenium.pageLoad.DemoCalendarDate" time="12.063" errors="0" timestamp="29 Apr 2023 02:36:21 GMT">
  <testcase classname="com.selenium.pageLoad.DemoCalendarDate" name="testSelectCalendarDate" time="12.063"/>
</testsuite> <!-- com.selenium.pageLoad.DemoCalendarDate -->
