<?xml version="1.0" encoding="UTF-8"?>
<!-- Generated by org.testng.reporters.JUnitReportReporter -->
<testsuite hostname="Sasi" failures="0" tests="1" name="com.java.list.DemoCompareListFB" time="9.392" errors="0" timestamp="19 Apr 2023 03:31:42 GMT">
  <testcase classname="com.java.list.DemoCompareListFB" name="testCompareListMonths" time="9.392"/>
</testsuite> <!-- com.java.list.DemoCompareListFB -->
