<?xml version="1.0" encoding="UTF-8"?>
<!-- Generated by org.testng.reporters.JUnitReportReporter -->
<testsuite hostname="sasidhars-MacBook-Air.local" failures="0" tests="1" name="com.selenium.remotewebdriver.saucelabs.DemoRemoteWebDriver" time="23.161" errors="0" timestamp="11 May 2023 13:29:10 GMT">
  <testcase classname="com.selenium.remotewebdriver.saucelabs.DemoRemoteWebDriver" name="testDemoRemoteWebDriver" time="23.161"/>
</testsuite> <!-- com.selenium.remotewebdriver.saucelabs.DemoRemoteWebDriver -->
