<?xml version="1.0" encoding="UTF-8"?>
<!-- Generated by org.testng.reporters.JUnitReportReporter -->
<testsuite hostname="Sasi" failures="0" tests="1" name="com.selenium.wait.DemoExplicitWait" time="17.175" errors="0" timestamp="2023-04-09T15:11:24 IST" skipped="0">
  <testcase classname="com.selenium.wait.DemoExplicitWait" name="testExplicitWait" time="17.175"/>
  <system-out/>
</testsuite> <!-- com.selenium.wait.DemoExplicitWait -->
