<?xml version="1.0" encoding="UTF-8"?>
<!-- Generated by org.testng.reporters.JUnitReportReporter -->
<testsuite hostname="Sasi" failures="0" tests="7" name="com.selenium.testng.DemoDependencyOnMethods" time="0.028" errors="0" timestamp="2023-04-10T07:34:35 IST" skipped="0">
  <testcase classname="com.selenium.testng.DemoDependencyOnMethods" name="openBrowser" time="0.013"/>
  <system-out/>
  <testcase classname="com.selenium.testng.DemoDependencyOnMethods" name="launchApplication" time="0.002"/>
  <system-out/>
  <testcase classname="com.selenium.testng.DemoDependencyOnMethods" name="loginUser" time="0.005"/>
  <system-out/>
  <testcase classname="com.selenium.testng.DemoDependencyOnMethods" name="createUSer" time="0.001"/>
  <system-out/>
  <testcase classname="com.selenium.testng.DemoDependencyOnMethods" name="editUser" time="0.001"/>
  <system-out/>
  <testcase classname="com.selenium.testng.DemoDependencyOnMethods" name="deleteUser" time="0.003"/>
  <system-out/>
  <testcase classname="com.selenium.testng.DemoDependencyOnMethods" name="logoutUser" time="0.003"/>
  <system-out/>
</testsuite> <!-- com.selenium.testng.DemoDependencyOnMethods -->
