<?xml version="1.0" encoding="UTF-8"?>
<!-- Generated by org.testng.reporters.JUnitReportReporter -->
<testsuite hostname="Sasi" failures="0" tests="1" name="com.selenium.forloop.demo.DemoForLoop1" time="11.456" errors="0" timestamp="2023-03-24T08:22:42 IST" skipped="0">
  <testcase classname="com.selenium.forloop.demo.DemoForLoop1" name="printMonthsFromJanOCT" time="11.456"/>
  <system-out/>
</testsuite> <!-- com.selenium.forloop.demo.DemoForLoop1 -->
