<?xml version="1.0" encoding="UTF-8"?>
<!-- Generated by org.testng.reporters.JUnitReportReporter -->
<testsuite hostname="sasidhars-MacBook-Air.local" failures="0" tests="4" name="com.java.readDataFromXLS.DemoReadDataFromXLS" time="0.012" errors="0" timestamp="9 May 2023 02:17:44 GMT">
  <testcase classname="com.java.readDataFromXLS.DemoReadDataFromXLS" name="testLogin" time="0.008"/>
  <testcase classname="com.java.readDataFromXLS.DemoReadDataFromXLS" name="testLogin" time="0.002"/>
  <testcase classname="com.java.readDataFromXLS.DemoReadDataFromXLS" name="testLogin" time="0.001"/>
  <testcase classname="com.java.readDataFromXLS.DemoReadDataFromXLS" name="testLogin" time="0.001"/>
</testsuite> <!-- com.java.readDataFromXLS.DemoReadDataFromXLS -->
