<?xml version="1.0" encoding="UTF-8"?>
<!-- Generated by org.testng.reporters.JUnitReportReporter -->
<testsuite hostname="Sasi" failures="0" tests="1" name="com.selenium.windows.DemoWindow4" time="10.150" errors="0" timestamp="2023-04-05T07:12:41 IST" skipped="0">
  <testcase classname="com.selenium.windows.DemoWindow4" name="test" time="10.150"/>
  <system-out/>
</testsuite> <!-- com.selenium.windows.DemoWindow4 -->
