<?xml version="1.0" encoding="UTF-8"?>
<!-- Generated by org.testng.reporters.JUnitReportReporter -->
<testsuite hostname="Sasi" failures="0" tests="1" name="com.selenium.selectCheckBox.DemoSelectCheckBox" time="33.280" errors="0" timestamp="2023-03-26T08:16:00 IST" skipped="0">
  <testcase classname="com.selenium.selectCheckBox.DemoSelectCheckBox" name="test" time="33.280"/>
  <system-out/>
</testsuite> <!-- com.selenium.selectCheckBox.DemoSelectCheckBox -->
