<?xml version="1.0" encoding="UTF-8"?>
<!-- Generated by org.testng.reporters.JUnitReportReporter -->
<testsuite hostname="Sasi" failures="0" tests="1" name="com.selenium.mousehover.DemoTooltip" time="12.206" errors="0" timestamp="2023-04-01T17:17:00 IST" skipped="0">
  <testcase classname="com.selenium.mousehover.DemoTooltip" name="testTooltip" time="12.206"/>
  <system-out/>
</testsuite> <!-- com.selenium.mousehover.DemoTooltip -->
