<?xml version="1.0" encoding="UTF-8"?>
<!-- Generated by org.testng.reporters.JUnitReportReporter -->
<testsuite hostname="Sasi" failures="0" tests="7" name="com.selenium.testng.DemoPriority" time="0.021" errors="0" timestamp="2023-04-10T07:22:08 IST" skipped="0">
  <testcase classname="com.selenium.testng.DemoPriority" name="openBrowser" time="0.009"/>
  <system-out/>
  <testcase classname="com.selenium.testng.DemoPriority" name="launchApplication" time="0.002"/>
  <system-out/>
  <testcase classname="com.selenium.testng.DemoPriority" name="loginUser" time="0.002"/>
  <system-out/>
  <testcase classname="com.selenium.testng.DemoPriority" name="createUSer" time="0.002"/>
  <system-out/>
  <testcase classname="com.selenium.testng.DemoPriority" name="editUser" time="0.002"/>
  <system-out/>
  <testcase classname="com.selenium.testng.DemoPriority" name="deleteUser" time="0.001"/>
  <system-out/>
  <testcase classname="com.selenium.testng.DemoPriority" name="logoutUser" time="0.003"/>
  <system-out/>
</testsuite> <!-- com.selenium.testng.DemoPriority -->
