<?xml version="1.0" encoding="UTF-8"?>
<!-- Generated by org.testng.reporters.JUnitReportReporter -->
<testsuite hostname="Sasi" failures="0" tests="1" name="com.selenium.UploadFile.DemoUploadFile" time="13.239" errors="0" timestamp="27 Apr 2023 02:32:02 GMT">
  <testcase classname="com.selenium.UploadFile.DemoUploadFile" name="printBrokenLink" time="13.239"/>
</testsuite> <!-- com.selenium.UploadFile.DemoUploadFile -->
