<?xml version="1.0" encoding="UTF-8"?>
<!-- Generated by org.testng.reporters.JUnitReportReporter -->
<testsuite hostname="Sasi" failures="0" tests="2" name="com.selenium.example.DemoFB" time="7.615" errors="0" timestamp="2023-03-19T11:19:46 IST" skipped="0">
  <testcase classname="com.selenium.example.DemoFB" name="loginFlow" time="4.006"/>
  <system-out/>
  <testcase classname="com.selenium.example.DemoFB" name="loginFlow2" time="3.609"/>
  <system-out/>
</testsuite> <!-- com.selenium.example.DemoFB -->
