<?xml version="1.0" encoding="UTF-8"?>
<!-- Generated by org.testng.reporters.JUnitReportReporter -->
<testsuite hostname="Sasi" failures="0" tests="1" name="com.selenium.testng.DemoParameterization" time="0.013" errors="0" timestamp="2023-04-11T07:40:00 IST" skipped="0">
  <testcase classname="com.selenium.testng.DemoParameterization" name="testLogin" time="0.013"/>
  <system-out/>
</testsuite> <!-- com.selenium.testng.DemoParameterization -->
