<?xml version="1.0" encoding="UTF-8"?>
<!-- Generated by org.testng.reporters.JUnitReportReporter -->
<testsuite hostname="Sasi" failures="0" tests="1" name="com.java.hashmap.DemoMapFB" time="9.123" errors="0" timestamp="21 Apr 2023 02:33:02 GMT">
  <testcase classname="com.java.hashmap.DemoMapFB" name="testCompareListMonths" time="9.123"/>
</testsuite> <!-- com.java.hashmap.DemoMapFB -->
