<?xml version="1.0" encoding="UTF-8"?>
<!-- Generated by org.testng.reporters.JUnitReportReporter -->
<testsuite hostname="Sasi" failures="0" tests="2" name="com.selenium.testng.DemoTestNGAnnotations" time="16.728" errors="0" timestamp="2023-04-09T15:56:37 IST" skipped="0">
  <testcase classname="com.selenium.testng.DemoTestNGAnnotations" name="testTestAnnotation2" time="3.979"/>
  <system-out/>
  <testcase classname="com.selenium.testng.DemoTestNGAnnotations" name="testTestAnnotation1" time="12.749"/>
  <system-out/>
</testsuite> <!-- com.selenium.testng.DemoTestNGAnnotations -->
