<?xml version="1.0" encoding="UTF-8"?>
<!-- Generated by org.testng.reporters.JUnitReportReporter -->
<testsuite hostname="Sasi" failures="0" tests="1" name="com.selenium.pageLoad.DemoPageLoadComplete" time="6.043" errors="0" timestamp="29 Apr 2023 02:14:22 GMT">
  <testcase classname="com.selenium.pageLoad.DemoPageLoadComplete" name="fileUploadRobot" time="6.043"/>
</testsuite> <!-- com.selenium.pageLoad.DemoPageLoadComplete -->
