<?xml version="1.0" encoding="UTF-8"?>
<!-- Generated by org.testng.reporters.JUnitReportReporter -->
<testsuite hostname="Sasi" failures="0" tests="1" name="com.selenium.dropdown.DemoNonSelectTag" time="26.815" errors="0" timestamp="2023-03-25T08:17:34 IST" skipped="0">
  <testcase classname="com.selenium.dropdown.DemoNonSelectTag" name="selectDropdownValue" time="26.815"/>
  <system-out/>
</testsuite> <!-- com.selenium.dropdown.DemoNonSelectTag -->
