<?xml version="1.0" encoding="UTF-8"?>
<!-- Generated by org.testng.reporters.JUnitReportReporter -->
<testsuite hostname="Sasi" failures="0" tests="3" name="com.java.controlstatemetns.DemoTestNG2" time="0.015" errors="0" timestamp="2023-03-19T08:46:02 IST" skipped="0">
  <testcase classname="com.java.controlstatemetns.DemoTestNG2" name="signInFBUser" time="0.002"/>
  <system-out/>
  <testcase classname="com.java.controlstatemetns.DemoTestNG2" name="openGooglebrowser" time="0.010"/>
  <system-out/>
  <testcase classname="com.java.controlstatemetns.DemoTestNG2" name="signoutFBUser" time="0.003"/>
  <system-out/>
</testsuite> <!-- com.java.controlstatemetns.DemoTestNG2 -->
