<?xml version="1.0" encoding="UTF-8"?>
<!-- Generated by org.testng.reporters.JUnitReportReporter -->
<testsuite hostname="Sasi" failures="0" tests="1" name="com.java.superDemo.Child1" time="0.019" errors="0" timestamp="2023-03-24T08:49:23 IST" skipped="0">
  <testcase classname="com.java.superDemo.Child1" name="testmethod1" time="0.019"/>
  <system-out/>
</testsuite> <!-- com.java.superDemo.Child1 -->
