<?xml version="1.0" encoding="UTF-8"?>
<!-- Generated by org.testng.reporters.JUnitReportReporter -->
<testsuite hostname="Sasi" failures="0" tests="1" name="com.methods.java.DemoSignUp" time="0.012" errors="0" timestamp="2023-03-19T10:47:49 IST" skipped="0">
  <testcase classname="com.methods.java.DemoSignUp" name="ValidateError_InvalidUserName" time="0.012"/>
  <system-out/>
</testsuite> <!-- com.methods.java.DemoSignUp -->
