<?xml version="1.0" encoding="UTF-8"?>
<!-- Generated by org.testng.reporters.JUnitReportReporter -->
<testsuite hostname="Sasi" failures="0" tests="4" name="com.selenium.testng.DemoDataProvider" time="0.010" errors="0" timestamp="2023-04-12T07:14:54 IST" skipped="1">
  <testcase classname="com.selenium.testng.DemoDataProvider" name="testLogin2" time="0.006"/>
  <system-out/>
  <testcase classname="com.selenium.testng.DemoDataProvider" name="testLogin2" time="0.002"/>
  <system-out/>
  <testcase classname="com.selenium.testng.DemoDataProvider" name="testLogin2" time="0.002"/>
  <system-out/>
  <testcase classname="com.selenium.testng.DemoDataProvider" name="testLogin">
    <skipped/>
  </testcase> <!-- testLogin -->
  <system-out/>
</testsuite> <!-- com.selenium.testng.DemoDataProvider -->
