<?xml version="1.0" encoding="UTF-8"?>
<!-- Generated by org.testng.reporters.JUnitReportReporter -->
<testsuite hostname="Sasi" failures="0" tests="1" name="com.selenium.FindBrokenLink.DemoFindBrokenLink" time="2.562" errors="0" timestamp="27 Apr 2023 01:59:35 GMT">
  <testcase classname="com.selenium.FindBrokenLink.DemoFindBrokenLink" name="printBrokenLink" time="2.562"/>
</testsuite> <!-- com.selenium.FindBrokenLink.DemoFindBrokenLink -->
