<?xml version="1.0" encoding="UTF-8"?>
<!-- Generated by org.testng.reporters.JUnitReportReporter -->
<testsuite hostname="Sasi" failures="0" tests="1" name="com.selenium.mousehover.DemoClickAndHold" time="13.198" errors="0" timestamp="2023-04-01T16:38:42 IST" skipped="0">
  <testcase classname="com.selenium.mousehover.DemoClickAndHold" name="testClickAndHold" time="13.198"/>
  <system-out/>
</testsuite> <!-- com.selenium.mousehover.DemoClickAndHold -->
