<?xml version="1.0" encoding="UTF-8"?>
<!-- Generated by org.testng.reporters.JUnitReportReporter -->
<testsuite hostname="sasidhars-MacBook-Air.local" failures="0" tests="4" name="com.tests.LoginTest2" time="41.320" errors="0" timestamp="9 May 2023 02:26:24 GMT">
  <testcase classname="com.tests.LoginTest2" name="testLoginDATAPROVIDER" time="9.805"/>
  <testcase classname="com.tests.LoginTest2" name="testLoginDATAPROVIDER" time="10.600"/>
  <testcase classname="com.tests.LoginTest2" name="testLoginDATAPROVIDER" time="10.708"/>
  <testcase classname="com.tests.LoginTest2" name="testLoginDATAPROVIDER" time="10.207"/>
</testsuite> <!-- com.tests.LoginTest2 -->
