<?xml version="1.0" encoding="UTF-8"?>
<!-- Generated by org.testng.reporters.JUnitReportReporter -->
<testsuite hostname="sasidhars-MacBook-Air.local" failures="0" tests="1" name="com.tests.LoginTest4" time="29.878" errors="0" timestamp="13 May 2023 04:13:43 GMT">
  <testcase classname="com.tests.LoginTest4" name="testDeleteCookies" time="29.878"/>
</testsuite> <!-- com.tests.LoginTest4 -->
